2024-05-07 20:12:39,828 An example message.
2024-05-07 20:12:39,829 Another message
2024-05-07 20:13:06,349 An example message.
2024-05-07 20:13:06,350 Another message
2024-05-07 20:13:33,438 An example message.
2024-05-07 20:13:33,439 Another message
2024-05-07 20:13:42,361 User added ('Igor', '0505048455')
2024-05-07 20:28:05,092 An example message.
2024-05-07 20:28:05,092 Another message
2024-05-07 20:28:12,906 An example message.
2024-05-07 20:28:12,906 Another message
2024-05-07 20:28:22,240 User added ('dan', '087974657')
2024-05-07 20:28:34,574 Can not add user
2024-05-07 20:29:14,735 An example message.
2024-05-07 20:29:14,735 Another message
2024-05-07 20:29:22,082 User added ('dan', '08975959')
2024-05-07 20:29:24,719 Can not add user
2024-05-07 20:29:27,462 Can not add user
2024-05-07 20:30:29,108 An example message.
2024-05-07 20:30:29,108 Another message
2024-05-07 20:30:33,313 User added ('dan', '0686978')
2024-05-07 20:30:36,573 Can not add user
